        -:    0:Source:/src/kicad/pcbnew/pcb_plot_params.h
        -:    0:Graph:/src/build/common/CMakeFiles/pcbcommon.dir/__/pcbnew/pcb_io/kicad_sexpr/pcb_io_kicad_sexpr_parser.cpp.gcno
        -:    0:Data:/src/build/common/CMakeFiles/pcbcommon.dir/__/pcbnew/pcb_io/kicad_sexpr/pcb_io_kicad_sexpr_parser.cpp.gcda
        -:    0:Runs:465
        -:    1:#ifndef PCB_PLOT_PARAMS_H_
        -:    2:#define PCB_PLOT_PARAMS_H_
        -:    3:/*
        -:    4: * This program source code file is part of KiCad, a free EDA CAD application.
        -:    5: *
        -:    6: * Copyright The KiCad Developers, see AUTHORS.txt for contributors.
        -:    7: *
        -:    8: * This program is free software; you can redistribute it and/or
        -:    9: * modify it under the terms of the GNU General Public License
        -:   10: * as published by the Free Software Foundation; either version 2
        -:   11: * of the License, or (at your option) any later version.
        -:   12: *
        -:   13: * This program is distributed in the hope that it will be useful,
        -:   14: * but WITHOUT ANY WARRANTY; without even the implied warranty of
        -:   15: * MERCHANTABILITY or FITNESS FOR A PARTICULAR PURPOSE.  See the
        -:   16: * GNU General Public License for more details.
        -:   17: *
        -:   18: * You should have received a copy of the GNU General Public License
        -:   19: * along with this program; if not, you may find one here:
        -:   20: * http://www.gnu.org/licenses/old-licenses/gpl-2.0.html
        -:   21: * or you may search the http://www.gnu.org website for the version 2 license,
        -:   22: * or you may write to the Free Software Foundation, Inc.,
        -:   23: * 51 Franklin Street, Fifth Floor, Boston, MA  02110-1301, USA
        -:   24: */
        -:   25:
        -:   26:#include <plotters/plotter.h>
        -:   27:#include <layer_ids.h>
        -:   28:#include <plotprint_opts.h>
        -:   29:#include <lseq.h>
        -:   30:
        -:   31:class COLOR_SETTINGS;
        -:   32:class PCB_PLOT_PARAMS_PARSER;
        -:   33:
        -:   34:/**
        -:   35: * Parameters and options when plotting/printing a board.
        -:   36: */
        -:   37:class PCB_PLOT_PARAMS : public PLOT_PARAMS
        -:   38:{
        -:   39:public:
        -:   40:    PCB_PLOT_PARAMS();
        -:   41:
        -:   42:    void        SetSkipPlotNPTH_Pads( bool aSkip ) { m_skipNPTH_Pads = aSkip; }
        -:   43:    bool        GetSkipPlotNPTH_Pads() const { return m_skipNPTH_Pads; }
        -:   44:
        -:   45:    void        Format( OUTPUTFORMATTER* aFormatter ) const;
        -:   46:    void        Parse( PCB_PLOT_PARAMS_PARSER* aParser );
        -:   47:
        -:   48:    /**
        -:   49:     * Compare current settings to aPcbPlotParams, including not saved parameters in brd file.
        -:   50:     *
        -:   51:     * @param aPcbPlotParams is the #PCB_PLOT_PARAMS to compare/
        -:   52:     * @param aCompareOnlySavedPrms set to true to compare only saved in file parameters,
        -:   53:     *        or false to compare the full set of parameters.
        -:   54:     * @return true is parameters are same, false if one (or more) parameter does not match.
        -:   55:     */
        -:   56:    bool        IsSameAs( const PCB_PLOT_PARAMS &aPcbPlotParams ) const;
        -:   57:
        -:   58:    void SetColorSettings( COLOR_SETTINGS* aSettings ) { m_colors = aSettings; }
        -:   59:
        -:   60:    COLOR_SETTINGS* ColorSettings() const { return m_colors; }
        -:   61:
        -:   62:    void SetTextMode( PLOT_TEXT_MODE aVal )
        -:   63:    {
        -:   64:        m_textMode = aVal;
        -:   65:    }
        -:   66:
    #####:   67:    PLOT_TEXT_MODE GetTextMode() const override
        -:   68:    {
    #####:   69:        return m_textMode;
        -:   70:    }
        -:   71:
        -:   72:    void        SetDXFPlotMode( DXF_OUTLINE_MODE aPlotMode ) { m_DXFPlotMode = aPlotMode; }
    #####:   73:    DXF_OUTLINE_MODE GetDXFPlotMode() const override { return m_DXFPlotMode; }
        -:   74:
        -:   75:    void        SetPlotPadNumbers( bool aFlag ) { m_plotPadNumbers = aFlag; }
        -:   76:    bool        GetPlotPadNumbers() const { return m_plotPadNumbers; }
        -:   77:
        -:   78:    void        SetDXFPlotPolygonMode( bool aFlag ) { m_DXFPolygonMode = aFlag; }
        -:   79:    bool        GetDXFPlotPolygonMode() const { return m_DXFPolygonMode; }
        -:   80:
        -:   81:    void        SetDXFPlotUnits( DXF_UNITS aUnit ) { m_DXFUnits = aUnit; }
        -:   82:    DXF_UNITS   GetDXFPlotUnits() const { return m_DXFUnits; }
        -:   83:
        -:   84:    void        SetDrillMarksType( DRILL_MARKS aVal ) { m_drillMarks = aVal; }
        -:   85:    DRILL_MARKS GetDrillMarksType() const { return m_drillMarks; }
        -:   86:
        -:   87:    void        SetScale( double aVal ) { m_scale = aVal; }
        -:   88:    double      GetScale() const { return m_scale; }
        -:   89:
        -:   90:    void        SetFineScaleAdjustX( double aVal ) { m_fineScaleAdjustX = aVal; }
        -:   91:    double      GetFineScaleAdjustX() const { return m_fineScaleAdjustX; }
        -:   92:    void        SetFineScaleAdjustY( double aVal ) { m_fineScaleAdjustY = aVal; }
        -:   93:    double      GetFineScaleAdjustY() const { return m_fineScaleAdjustY; }
        -:   94:    void        SetWidthAdjust( int aVal ) { m_widthAdjust = aVal; }
        -:   95:    int         GetWidthAdjust() const { return m_widthAdjust; }
        -:   96:
        -:   97:    void        SetAutoScale( bool aFlag ) { m_autoScale = aFlag; }
        -:   98:    bool        GetAutoScale() const { return m_autoScale; }
        -:   99:
        -:  100:    void        SetMirror( bool aFlag ) { m_mirror = aFlag; }
        -:  101:    bool        GetMirror() const { return m_mirror; }
        -:  102:
        -:  103:    void        SetSketchPadsOnFabLayers( bool aFlag ) { m_sketchPadsOnFabLayers = aFlag; }
        -:  104:    bool        GetSketchPadsOnFabLayers() const { return m_sketchPadsOnFabLayers; }
        -:  105:    void        SetSketchPadLineWidth( int aWidth ) { m_sketchPadLineWidth = aWidth; }
        -:  106:    int         GetSketchPadLineWidth() const { return m_sketchPadLineWidth; }
        -:  107:
        -:  108:    void        SetHideDNPFPsOnFabLayers( bool aFlag ) { m_hideDNPFPsOnFabLayers = aFlag; }
        -:  109:    bool        GetHideDNPFPsOnFabLayers() const { return m_hideDNPFPsOnFabLayers; }
        -:  110:    void        SetSketchDNPFPsOnFabLayers( bool aFlag ) { m_sketchDNPFPsOnFabLayers = aFlag; }
        -:  111:    bool        GetSketchDNPFPsOnFabLayers() const { return m_sketchDNPFPsOnFabLayers; }
        -:  112:    void        SetCrossoutDNPFPsOnFabLayers( bool aFlag ) { m_crossoutDNPFPsOnFabLayers = aFlag; }
        -:  113:    bool        GetCrossoutDNPFPsOnFabLayers() const { return m_crossoutDNPFPsOnFabLayers; }
        -:  114:
        -:  115:    void        SetPlotValue( bool aFlag ) { m_plotValue = aFlag; }
        -:  116:    bool        GetPlotValue() const { return m_plotValue; }
        -:  117:    void        SetPlotReference( bool aFlag ) { m_plotReference = aFlag; }
        -:  118:    bool        GetPlotReference() const { return m_plotReference; }
        -:  119:    void        SetPlotFPText( bool aFlag ) { m_plotFPText = aFlag; }
        -:  120:    bool        GetPlotFPText() const { return m_plotFPText; }
        -:  121:
        -:  122:    void        SetNegative( bool aFlag ) { m_negative = aFlag; }
        -:  123:    bool        GetNegative() const { return m_negative; }
        -:  124:
    #####:  125:    std::optional<bool> GetLegacyPlotViaOnMaskLayer() const { return m_plotViaOnMaskLayer; }
        -:  126:
        -:  127:    void        SetPlotFrameRef( bool aFlag ) { m_plotDrawingSheet = aFlag; }
        -:  128:    bool        GetPlotFrameRef() const { return m_plotDrawingSheet; }
        -:  129:
        -:  130:    void        SetFormat( PLOT_FORMAT aFormat ) { m_format = aFormat; }
        -:  131:    PLOT_FORMAT GetFormat() const { return m_format; }
        -:  132:
        -:  133:    void        SetOutputDirectory( const wxString& aDir ) { m_outputDirectory = aDir; }
        -:  134:    wxString    GetOutputDirectory() const { return m_outputDirectory; }
        -:  135:
        -:  136:    void        SetDisableGerberMacros( bool aDisable ) { m_gerberDisableApertMacros = aDisable; }
        -:  137:    bool        GetDisableGerberMacros() const { return m_gerberDisableApertMacros; }
        -:  138:
        -:  139:    void        SetUseGerberX2format( bool aUse ) { m_useGerberX2format = aUse; }
        -:  140:    bool        GetUseGerberX2format() const { return m_useGerberX2format; }
        -:  141:
        -:  142:    void        SetIncludeGerberNetlistInfo( bool aUse ) { m_includeGerberNetlistInfo = aUse; }
        -:  143:    bool        GetIncludeGerberNetlistInfo() const { return m_includeGerberNetlistInfo; }
        -:  144:
        -:  145:    void        SetCreateGerberJobFile( bool aCreate ) { m_createGerberJobFile = aCreate; }
        -:  146:    bool        GetCreateGerberJobFile() const { return m_createGerberJobFile; }
        -:  147:
        -:  148:    void        SetUseGerberProtelExtensions( bool aUse ) { m_useGerberProtelExtensions = aUse; }
        -:  149:    bool        GetUseGerberProtelExtensions() const { return m_useGerberProtelExtensions; }
        -:  150:
        -:  151:    void        SetGerberPrecision( int aPrecision );
        -:  152:    int         GetGerberPrecision() const { return m_gerberPrecision; }
        -:  153:
        -:  154:    void        SetSvgPrecision( unsigned aPrecision );
        -:  155:    unsigned    GetSvgPrecision() const { return m_svgPrecision; }
        -:  156:
        -:  157:    void        SetSvgFitPageToBoard( int aSvgFitPageToBoard ) { m_svgFitPageToBoard = aSvgFitPageToBoard; }
        -:  158:    bool        GetSvgFitPagetoBoard() const { return m_svgFitPageToBoard; }
        -:  159:
        -:  160:    void        SetBlackAndWhite( bool blackAndWhite ) { m_blackAndWhite = blackAndWhite; }
        -:  161:    bool        GetBlackAndWhite() const { return m_blackAndWhite; }
        -:  162:
        -:  163:    void        SetSubtractMaskFromSilk( bool aSubtract ) { m_subtractMaskFromSilk = aSubtract; }
        -:  164:    bool        GetSubtractMaskFromSilk() const { return m_subtractMaskFromSilk; }
        -:  165:
        -:  166:    void        SetLayerSelection( const LSET& aSelection ) { m_layerSelection = aSelection; }
        -:  167:    LSET        GetLayerSelection() const { return m_layerSelection; }
        -:  168:
        -:  169:    void        SetPlotOnAllLayersSequence( LSEQ aSeq ) { m_plotOnAllLayersSequence = aSeq; }
        -:  170:    LSEQ        GetPlotOnAllLayersSequence() const { return m_plotOnAllLayersSequence; }
        -:  171:
        -:  172:    void        SetUseAuxOrigin( bool aAux ) { m_useAuxOrigin = aAux; }
        -:  173:    bool        GetUseAuxOrigin() const { return m_useAuxOrigin; }
        -:  174:
        -:  175:    void        SetScaleSelection( int aSelection ) { m_scaleSelection = aSelection; }
        -:  176:    int         GetScaleSelection() const { return m_scaleSelection; }
        -:  177:
        -:  178:    void        SetA4Output( int aForce ) { m_A4Output = aForce; }
        -:  179:    bool        GetA4Output() const { return m_A4Output; }
        -:  180:
        -:  181:    void        SetDashedLineDashRatio( double aVal ) { m_dashedLineDashRatio = aVal; }
        -:  182:    double      GetDashedLineDashRatio() const { return m_dashedLineDashRatio; }
        -:  183:
        -:  184:    void        SetDashedLineGapRatio( double aVal ) { m_dashedLineGapRatio = aVal; }
        -:  185:    double      GetDashedLineGapRatio() const { return m_dashedLineGapRatio; }
        -:  186:
        -:  187:    void        SetDXFMultiLayeredExportOption( bool aFlag ) { m_DXFExportAsMultiLayeredFile = aFlag; }
        -:  188:    bool        GetDXFMultiLayeredExportOption() const { return m_DXFExportAsMultiLayeredFile; }
        -:  189:
        -:  190:    void        SetLayersToExport( std::vector<std::pair<PCB_LAYER_ID, wxString>> & aVal ) { m_layersToExport = aVal; }
        -:  191:    std::vector<std::pair<PCB_LAYER_ID, wxString>> GetLayersToExport() const { return m_layersToExport; }
        -:  192:
        -:  193:    /**
        -:  194:     * Return the layer this item is on.
        -:  195:     */
        -:  196:    PCB_LAYER_ID GetLayer() const { return m_layer; }
        -:  197:    void         SetLayer( PCB_LAYER_ID aLayer ) { m_layer = aLayer; }
        -:  198:
        -:  199:    void        SetPDFBackgroundColor( const COLOR4D& aColor ) { m_PDFBackgroundColor = aColor; }
        -:  200:    COLOR4D     GetPDFBackgroundColor() const { return m_PDFBackgroundColor; }
        -:  201:
        -:  202:public:
        -:  203:    bool        m_PDFFrontFPPropertyPopups;   ///< Generate PDF property popup menus for footprints
        -:  204:    bool        m_PDFBackFPPropertyPopups;    ///<   on front and/or back of board
        -:  205:    bool        m_PDFMetadata;                ///< Generate PDF metadata for SUBJECT and AUTHOR
        -:  206:    bool        m_PDFSingle;                  ///< Generate a single PDF file for all layers
        -:  207:    COLOR4D     m_PDFBackgroundColor;         ///< Background color to use if m_PDFUseBackgroundColor is true
        -:  208:
        -:  209:private:
        -:  210:    friend class PCB_PLOT_PARAMS_PARSER;
        -:  211:
        -:  212:    PLOT_FORMAT      m_format;           /// Plot format type (chooses the driver to be used)
        -:  213:    LSET             m_layerSelection;
        -:  214:    LSEQ             m_plotOnAllLayersSequence;
        -:  215:
        -:  216:    bool             m_skipNPTH_Pads;   /// Used to disable NPTH pads plotting on copper layers
        -:  217:    bool             m_plotPadNumbers;  /// Plot pad numbers when sketching pads on fab layers
        -:  218:    DRILL_MARKS      m_drillMarks;      /// Holes can be not plotted, have a small mark, or be
        -:  219:                                        ///   plotted in actual size
        -:  220:    PLOT_TEXT_MODE   m_textMode;
        -:  221:    DXF_OUTLINE_MODE m_DXFPlotMode;     /// FILLED or SKETCH for filled objects.
        -:  222:    DXF_UNITS        m_DXFUnits;
        -:  223:    bool             m_DXFPolygonMode;  /// In polygon mode, each item to plot is converted to a
        -:  224:                                        ///   polygon and all polygons are merged.
        -:  225:
        -:  226:    bool       m_A4Output;              /// Autoscale the plot to fit an A4 (landscape?) sheet
        -:  227:    bool       m_autoScale;             /// When true set the scale to fit the board in the page
        -:  228:    double     m_scale;                 /// Global scale factor, 1.0 plots a board at actual size
        -:  229:    bool       m_mirror;                /// Mirror the plot around the X axis
        -:  230:
        -:  231:    bool       m_negative;              /// Plot in negative color (supported only by some drivers)
        -:  232:    bool       m_blackAndWhite;         /// Plot in black and white only
        -:  233:    bool       m_plotDrawingSheet;
        -:  234:
        -:  235:    std::optional<bool> m_plotViaOnMaskLayer;    /// Deprecated; only used for reading legacy files
        -:  236:
        -:  237:    bool       m_subtractMaskFromSilk;  /// On gerbers 'scrape' away the solder mask from
        -:  238:                                        ///   silkscreen (trim silks)
        -:  239:
        -:  240:
        -:  241:    /// When plotting gerber files, use a conventional set of Protel extensions instead of .gbr,
        -:  242:    /// that is now the official gerber file extension (this is a deprecated feature)
        -:  243:    bool       m_useGerberProtelExtensions;
        -:  244:
        -:  245:    /// Include attributes from the Gerber X2 format (chapter 5 in revision J2)
        -:  246:    bool       m_useGerberX2format;
        -:  247:
        -:  248:    /// Disable aperture macros in Gerber format (only for broken Gerber readers).  Ideally,
        -:  249:    /// should be never selected.
        -:  250:    bool       m_gerberDisableApertMacros;
        -:  251:
        -:  252:    /// Include netlist info (only in Gerber X2 format) (chapter ? in revision ?)
        -:  253:    bool       m_includeGerberNetlistInfo;
        -:  254:
        -:  255:    /// generate the auxiliary "job file" in gerber format
        -:  256:    bool       m_createGerberJobFile;
        -:  257:
        -:  258:    /// Precision of coordinates in Gerber: accepted 5 or 6 when units are in mm, 6 or 7 in inches
        -:  259:    /// (but Pcbnew uses mm).
        -:  260:    /// 6 is the internal resolution of Pcbnew, but not always accepted by board maker
        -:  261:    /// 5 is the minimal value for professional boards
        -:  262:    int        m_gerberPrecision;
        -:  263:
        -:  264:    /// Precision of coordinates in SVG: accepted 3 - 6; 6 is the internal resolution of Pcbnew
        -:  265:    unsigned   m_svgPrecision;
        -:  266:    bool        m_svgFitPageToBoard;
        -:  267:
        -:  268:    bool       m_useAuxOrigin;          ///< Plot gerbers using auxiliary (drill) origin instead
        -:  269:                                        ///<   of absolute coordinates
        -:  270:
        -:  271:
        -:  272:    wxString   m_outputDirectory;       ///< Output directory for plot files (usually relative to
        -:  273:                                        ///<   the board file)
        -:  274:    int        m_scaleSelection;        ///< Scale ratio index (UI only)
        -:  275:
        -:  276:    bool       m_plotReference;         ///< Enable plotting of part references
        -:  277:    bool       m_plotValue;             ///< Enable plotting of part values
        -:  278:    bool       m_plotFPText;
        -:  279:
        -:  280:    bool       m_sketchPadsOnFabLayers; ///< Plots pads outlines on fab layers
        -:  281:    int        m_sketchPadLineWidth;
        -:  282:
        -:  283:    bool       m_hideDNPFPsOnFabLayers;
        -:  284:    bool       m_sketchDNPFPsOnFabLayers;
        -:  285:    bool       m_crossoutDNPFPsOnFabLayers;
        -:  286:
        -:  287:    double     m_fineScaleAdjustX;      ///< Compensation for printer scale errors (and therefore
        -:  288:    double     m_fineScaleAdjustY;      ///<   expected to be very near 1.0).  Only X and Y
        -:  289:                                        ///<   dimensions are adjusted: circles are plotted as
        -:  290:                                        ///<   circles, even if X and Y fine scale differ.
        -:  291:                                        ///<   Because of this it is mostly useful for printers:
        -:  292:                                        ///<   postscript plots should use the prologue, which will
        -:  293:                                        ///<   change the whole output matrix.
        -:  294:
        -:  295:    int        m_widthAdjust;           ///< Compensation for PS printers/plotters that do not
        -:  296:                                        ///<   strictly obey line width settings. Only used to plot
        -:  297:                                        ///<   pads and tracks.
        -:  298:
        -:  299:    double     m_dashedLineDashRatio;
        -:  300:    double     m_dashedLineGapRatio;
        -:  301:
        -:  302:    COLOR_SETTINGS* m_colors;           /// Pointer to color settings to be used for plotting
        -:  303:
        -:  304:    /// Dummy colors object that can be created if there is no Pgm context
        -:  305:    std::shared_ptr<COLOR_SETTINGS> m_default_colors;
        -:  306:
        -:  307:    bool m_DXFExportAsMultiLayeredFile;
        -:  308:
        -:  309:    std::vector<std::pair<PCB_LAYER_ID, wxString>> m_layersToExport;
        -:  310:
        -:  311:    PCB_LAYER_ID m_layer;
        -:  312:};
        -:  313:
        -:  314:
        -:  315:#endif // PCB_PLOT_PARAMS_H_
